{"level":"warn","message":"","metodo":"GET","ruta":"/sdasf","timestamp":"2022-04-11T21:05:07.079Z"}
{"level":"warn","message":"","metodo":"GET","ruta":"","timestamp":"2022-04-11T21:36:49.330Z"}
{"level":"warn","message":"","metodo":"GET","ruta":"","timestamp":"2022-04-11T21:38:28.673Z"}
{"level":"warn","message":"","metodo":"GET","ruta":"/ghthrfhdf","timestamp":"2022-04-11T22:11:33.653Z"}
{"level":"warn","message":"","metodo":"GET","ruta":"/ghthrfhdf","timestamp":"2022-04-12T18:13:21.171Z"}
{"level":"warn","message":"","metodo":"GET","ruta":"/api/dfsfsd","timestamp":"2022-04-12T18:22:48.812Z"}
{"level":"warn","message":"","metodo":"GET","ruta":"/api/dfsfsd","timestamp":"2022-04-12T18:23:34.668Z"}
{"level":"warn","message":"","metodo":"GET","ruta":"/api/dfsfsd","timestamp":"2022-04-12T18:26:07.326Z"}
{"level":"warn","message":"","metodo":"GET","ruta":"/api/dfsfsd","timestamp":"2022-04-12T18:26:37.777Z"}
{"level":"warn","message":"","metodo":"GET","ruta":"/api/dfsfsd","timestamp":"2022-04-12T19:11:38.903Z"}
{"level":"warn","message":"","metodo":"GET","ruta":"/api/dfsfsd","timestamp":"2022-04-12T19:16:36.952Z"}
{"level":"warn","message":"","metodo":"GET","ruta":"/api/dfsfsd","timestamp":"2022-04-12T19:19:56.881Z"}
{"level":"warn","message":"","metodo":"GET","ruta":"/api/dfsfsd","timestamp":"2022-04-12T19:21:15.183Z"}
{"level":"warn","message":"","metodo":"GET","ruta":"/dfsfsd","timestamp":"2022-04-12T19:21:26.251Z"}
{"level":"warn","message":"","metodo":"GET","ruta":"/dfsfsd","timestamp":"2022-04-12T19:30:48.367Z"}
{"level":"warn","message":"","metodo":"GET","ruta":"/dfsfsd","timestamp":"2022-04-12T19:31:07.887Z"}
{"level":"warn","message":"","metodo":"GET","ruta":"/api/dfsfsd","timestamp":"2022-04-12T19:31:14.887Z"}
{"level":"warn","message":"","metodo":"GET","ruta":"/vfvdfv","timestamp":"2022-04-12T19:47:46.325Z"}
{"level":"warn","message":"","metodo":"GET","ruta":"/vfvdfv","timestamp":"2022-04-12T19:48:17.662Z"}
{"level":"warn","message":"","metodo":"GET","ruta":"/vfvdfv","timestamp":"2022-04-12T19:50:26.116Z"}
{"level":"warn","message":"","metodo":"GET","ruta":"/dsfsdfs","timestamp":"2022-04-12T19:54:56.766Z"}
{"level":"warn","message":"","metodo":"GET","ruta":"/dsfsdfs","timestamp":"2022-04-12T20:03:50.452Z"}
{"level":"warn","message":"","metodo":"GET","ruta":"","timestamp":"2022-04-12T20:07:37.078Z"}
{"level":"warn","message":"","metodo":"GET","ruta":"","timestamp":"2022-04-12T20:08:02.883Z"}
{"level":"warn","message":"","metodo":"GET","ruta":"/api/dsfdf","timestamp":"2022-04-12T20:08:44.184Z"}
{"level":"warn","message":"","metodo":"GET","ruta":"/api/dsfdf","timestamp":"2022-04-12T20:09:55.623Z"}
{"level":"warn","message":"","metodo":"GET","ruta":"/fsfsdf","timestamp":"2022-04-12T20:17:33.219Z"}
{"level":"warn","message":"","metodo":"GET","ruta":"/fsfsdf","timestamp":"2022-04-12T20:18:20.895Z"}
{"level":"warn","message":"","metodo":"GET","ruta":"/fsfsdf","timestamp":"2022-04-12T20:19:37.129Z"}
{"level":"warn","message":"","metodo":"GET","ruta":"/fsfsdf","timestamp":"2022-04-12T20:24:34.251Z"}
{"level":"warn","message":"","metodo":"GET","ruta":"/fsfsdf","timestamp":"2022-04-12T20:30:01.230Z"}
{"level":"warn","message":"","metodo":"GET","ruta":"/fsfsdf","timestamp":"2022-04-12T20:30:21.802Z"}
{"level":"warn","message":"","metodo":"GET","ruta":"/fsfsdf","timestamp":"2022-04-12T21:39:29.017Z"}
{"level":"warn","message":"","metodo":"GET","ruta":"/socket.io/socket.io.js","timestamp":"2022-04-13T16:39:55.071Z"}
{"level":"warn","message":"","metodo":"GET","ruta":"/newUser?username=marian&password=qwerty123","timestamp":"2022-04-14T01:35:01.969Z"}
{"level":"warn","message":"","metodo":"GET","ruta":"/newUser?username=marian&password=qwerty123","timestamp":"2022-04-14T01:35:02.043Z"}
{"level":"warn","message":"","metodo":"GET","ruta":"/favicon.ico","timestamp":"2022-04-14T01:35:02.128Z"}
{"level":"warn","message":"","metodo":"GET","ruta":"/favicon.ico","timestamp":"2022-04-18T21:13:09.509Z"}
